<?xml version="1.0" encoding="UTF-8"?>
<!-- Generated by org.testng.reporters.JUnitXMLReporter -->
<testsuite hostname="5CD138MB5H" ignored="0" name="Test" tests="6" failures="0" timestamp="2022-01-24T15:11:04 IST" time="29.739" errors="0">
  <testcase name="Actionclassmethod6" time="7.087" classname="SeleniumTesting.Sshot.Sample"/>
  <testcase name="dropdownmethod5" time="4.184" classname="SeleniumTesting.Sshot.Sample"/>
  <testcase name="linksmethod3" time="1.304" classname="SeleniumTesting.Sshot.Sample"/>
  <testcase name="method1" time="5.371" classname="SeleniumTesting.Sshot.Sample"/>
  <testcase name="scrollingmethod2" time="2.834" classname="SeleniumTesting.Sshot.Sample"/>
  <testcase name="windowmethod4" time="6.673" classname="SeleniumTesting.Sshot.Sample"/>
</testsuite> <!-- Test -->
